<?xml version="1.0" encoding="UTF-8"?>
<testsuite xmlns:xsi="http://www.w3.org/2001/XMLSchema-instance" xsi:noNamespaceSchemaLocation="https://maven.apache.org/surefire/maven-surefire-plugin/xsd/surefire-test-report-3.0.xsd" version="3.0" name="dao.ToDoDaoImplTest" time="1.373" tests="5" errors="0" skipped="0" failures="0">
  <properties>
    <property name="awt.toolkit" value="sun.awt.X11.XToolkit"/>
    <property name="file.encoding.pkg" value="sun.io"/>
    <property name="java.specification.version" value="1.8"/>
    <property name="sun.cpu.isalist" value=""/>
    <property name="sun.jnu.encoding" value="UTF-8"/>
    <property name="java.class.path" value="/home/alfredm/Dev/revature/HelloJDBC/target/test-classes:/home/alfredm/Dev/revature/HelloJDBC/target/classes:/home/alfredm/.m2/repository/org/postgresql/postgresql/42.3.1/postgresql-42.3.1.jar:/home/alfredm/.m2/repository/org/checkerframework/checker-qual/3.5.0/checker-qual-3.5.0.jar:/home/alfredm/.m2/repository/io/javalin/javalin/4.1.1/javalin-4.1.1.jar:/home/alfredm/.m2/repository/org/eclipse/jetty/jetty-server/9.4.44.v20210927/jetty-server-9.4.44.v20210927.jar:/home/alfredm/.m2/repository/javax/servlet/javax.servlet-api/3.1.0/javax.servlet-api-3.1.0.jar:/home/alfredm/.m2/repository/org/eclipse/jetty/jetty-http/9.4.44.v20210927/jetty-http-9.4.44.v20210927.jar:/home/alfredm/.m2/repository/org/eclipse/jetty/jetty-util/9.4.44.v20210927/jetty-util-9.4.44.v20210927.jar:/home/alfredm/.m2/repository/org/eclipse/jetty/jetty-io/9.4.44.v20210927/jetty-io-9.4.44.v20210927.jar:/home/alfredm/.m2/repository/org/eclipse/jetty/jetty-webapp/9.4.44.v20210927/jetty-webapp-9.4.44.v20210927.jar:/home/alfredm/.m2/repository/org/eclipse/jetty/jetty-xml/9.4.44.v20210927/jetty-xml-9.4.44.v20210927.jar:/home/alfredm/.m2/repository/org/eclipse/jetty/jetty-servlet/9.4.44.v20210927/jetty-servlet-9.4.44.v20210927.jar:/home/alfredm/.m2/repository/org/eclipse/jetty/jetty-security/9.4.44.v20210927/jetty-security-9.4.44.v20210927.jar:/home/alfredm/.m2/repository/org/eclipse/jetty/jetty-util-ajax/9.4.44.v20210927/jetty-util-ajax-9.4.44.v20210927.jar:/home/alfredm/.m2/repository/org/eclipse/jetty/websocket/websocket-server/9.4.44.v20210927/websocket-server-9.4.44.v20210927.jar:/home/alfredm/.m2/repository/org/eclipse/jetty/websocket/websocket-common/9.4.44.v20210927/websocket-common-9.4.44.v20210927.jar:/home/alfredm/.m2/repository/org/eclipse/jetty/websocket/websocket-api/9.4.44.v20210927/websocket-api-9.4.44.v20210927.jar:/home/alfredm/.m2/repository/org/eclipse/jetty/websocket/websocket-client/9.4.44.v20210927/websocket-client-9.4.44.v20210927.jar:/home/alfredm/.m2/repository/org/eclipse/jetty/jetty-client/9.4.44.v20210927/jetty-client-9.4.44.v20210927.jar:/home/alfredm/.m2/repository/org/eclipse/jetty/websocket/websocket-servlet/9.4.44.v20210927/websocket-servlet-9.4.44.v20210927.jar:/home/alfredm/.m2/repository/org/jetbrains/kotlin/kotlin-stdlib-jdk8/1.5.31/kotlin-stdlib-jdk8-1.5.31.jar:/home/alfredm/.m2/repository/org/jetbrains/kotlin/kotlin-stdlib/1.5.31/kotlin-stdlib-1.5.31.jar:/home/alfredm/.m2/repository/org/jetbrains/annotations/13.0/annotations-13.0.jar:/home/alfredm/.m2/repository/org/jetbrains/kotlin/kotlin-stdlib-common/1.5.31/kotlin-stdlib-common-1.5.31.jar:/home/alfredm/.m2/repository/org/jetbrains/kotlin/kotlin-stdlib-jdk7/1.5.31/kotlin-stdlib-jdk7-1.5.31.jar:/home/alfredm/.m2/repository/org/slf4j/slf4j-simple/1.8.0-beta4/slf4j-simple-1.8.0-beta4.jar:/home/alfredm/.m2/repository/org/slf4j/slf4j-api/1.8.0-beta4/slf4j-api-1.8.0-beta4.jar:/home/alfredm/.m2/repository/com/fasterxml/jackson/core/jackson-databind/2.13.0/jackson-databind-2.13.0.jar:/home/alfredm/.m2/repository/com/fasterxml/jackson/core/jackson-annotations/2.13.0/jackson-annotations-2.13.0.jar:/home/alfredm/.m2/repository/com/fasterxml/jackson/core/jackson-core/2.13.0/jackson-core-2.13.0.jar:/home/alfredm/.m2/repository/log4j/log4j/1.2.17/log4j-1.2.17.jar:/home/alfredm/.m2/repository/org/junit/jupiter/junit-jupiter/5.8.1/junit-jupiter-5.8.1.jar:/home/alfredm/.m2/repository/org/junit/jupiter/junit-jupiter-api/5.8.1/junit-jupiter-api-5.8.1.jar:/home/alfredm/.m2/repository/org/opentest4j/opentest4j/1.2.0/opentest4j-1.2.0.jar:/home/alfredm/.m2/repository/org/junit/platform/junit-platform-commons/1.8.1/junit-platform-commons-1.8.1.jar:/home/alfredm/.m2/repository/org/apiguardian/apiguardian-api/1.1.2/apiguardian-api-1.1.2.jar:/home/alfredm/.m2/repository/org/junit/jupiter/junit-jupiter-params/5.8.1/junit-jupiter-params-5.8.1.jar:/home/alfredm/.m2/repository/org/junit/jupiter/junit-jupiter-engine/5.8.1/junit-jupiter-engine-5.8.1.jar:/home/alfredm/.m2/repository/org/junit/platform/junit-platform-engine/1.8.1/junit-platform-engine-1.8.1.jar:/home/alfredm/.m2/repository/org/mockito/mockito-core/4.1.0/mockito-core-4.1.0.jar:/home/alfredm/.m2/repository/net/bytebuddy/byte-buddy/1.12.1/byte-buddy-1.12.1.jar:/home/alfredm/.m2/repository/net/bytebuddy/byte-buddy-agent/1.12.1/byte-buddy-agent-1.12.1.jar:/home/alfredm/.m2/repository/org/objenesis/objenesis/3.2/objenesis-3.2.jar:/home/alfredm/.m2/repository/com/h2database/h2/1.4.200/h2-1.4.200.jar:"/>
    <property name="java.vm.vendor" value="Private Build"/>
    <property name="sun.arch.data.model" value="64"/>
    <property name="java.vendor.url" value="http://java.oracle.com/"/>
    <property name="user.timezone" value="America/New_York"/>
    <property name="java.vm.specification.version" value="1.8"/>
    <property name="os.name" value="Linux"/>
    <property name="user.country" value="US"/>
    <property name="sun.java.launcher" value="SUN_STANDARD"/>
    <property name="sun.boot.library.path" value="/usr/lib/jvm/java-8-openjdk-amd64/jre/lib/amd64"/>
    <property name="sun.java.command" value="/home/alfredm/Dev/revature/HelloJDBC/target/surefire/surefirebooter8444624318576150366.jar /home/alfredm/Dev/revature/HelloJDBC/target/surefire 2021-12-07T11-47-32_815-jvmRun1 surefire5342875908348623134tmp surefire_0727341565163249085tmp"/>
    <property name="surefire.test.class.path" value="/home/alfredm/Dev/revature/HelloJDBC/target/test-classes:/home/alfredm/Dev/revature/HelloJDBC/target/classes:/home/alfredm/.m2/repository/org/postgresql/postgresql/42.3.1/postgresql-42.3.1.jar:/home/alfredm/.m2/repository/org/checkerframework/checker-qual/3.5.0/checker-qual-3.5.0.jar:/home/alfredm/.m2/repository/io/javalin/javalin/4.1.1/javalin-4.1.1.jar:/home/alfredm/.m2/repository/org/eclipse/jetty/jetty-server/9.4.44.v20210927/jetty-server-9.4.44.v20210927.jar:/home/alfredm/.m2/repository/javax/servlet/javax.servlet-api/3.1.0/javax.servlet-api-3.1.0.jar:/home/alfredm/.m2/repository/org/eclipse/jetty/jetty-http/9.4.44.v20210927/jetty-http-9.4.44.v20210927.jar:/home/alfredm/.m2/repository/org/eclipse/jetty/jetty-util/9.4.44.v20210927/jetty-util-9.4.44.v20210927.jar:/home/alfredm/.m2/repository/org/eclipse/jetty/jetty-io/9.4.44.v20210927/jetty-io-9.4.44.v20210927.jar:/home/alfredm/.m2/repository/org/eclipse/jetty/jetty-webapp/9.4.44.v20210927/jetty-webapp-9.4.44.v20210927.jar:/home/alfredm/.m2/repository/org/eclipse/jetty/jetty-xml/9.4.44.v20210927/jetty-xml-9.4.44.v20210927.jar:/home/alfredm/.m2/repository/org/eclipse/jetty/jetty-servlet/9.4.44.v20210927/jetty-servlet-9.4.44.v20210927.jar:/home/alfredm/.m2/repository/org/eclipse/jetty/jetty-security/9.4.44.v20210927/jetty-security-9.4.44.v20210927.jar:/home/alfredm/.m2/repository/org/eclipse/jetty/jetty-util-ajax/9.4.44.v20210927/jetty-util-ajax-9.4.44.v20210927.jar:/home/alfredm/.m2/repository/org/eclipse/jetty/websocket/websocket-server/9.4.44.v20210927/websocket-server-9.4.44.v20210927.jar:/home/alfredm/.m2/repository/org/eclipse/jetty/websocket/websocket-common/9.4.44.v20210927/websocket-common-9.4.44.v20210927.jar:/home/alfredm/.m2/repository/org/eclipse/jetty/websocket/websocket-api/9.4.44.v20210927/websocket-api-9.4.44.v20210927.jar:/home/alfredm/.m2/repository/org/eclipse/jetty/websocket/websocket-client/9.4.44.v20210927/websocket-client-9.4.44.v20210927.jar:/home/alfredm/.m2/repository/org/eclipse/jetty/jetty-client/9.4.44.v20210927/jetty-client-9.4.44.v20210927.jar:/home/alfredm/.m2/repository/org/eclipse/jetty/websocket/websocket-servlet/9.4.44.v20210927/websocket-servlet-9.4.44.v20210927.jar:/home/alfredm/.m2/repository/org/jetbrains/kotlin/kotlin-stdlib-jdk8/1.5.31/kotlin-stdlib-jdk8-1.5.31.jar:/home/alfredm/.m2/repository/org/jetbrains/kotlin/kotlin-stdlib/1.5.31/kotlin-stdlib-1.5.31.jar:/home/alfredm/.m2/repository/org/jetbrains/annotations/13.0/annotations-13.0.jar:/home/alfredm/.m2/repository/org/jetbrains/kotlin/kotlin-stdlib-common/1.5.31/kotlin-stdlib-common-1.5.31.jar:/home/alfredm/.m2/repository/org/jetbrains/kotlin/kotlin-stdlib-jdk7/1.5.31/kotlin-stdlib-jdk7-1.5.31.jar:/home/alfredm/.m2/repository/org/slf4j/slf4j-simple/1.8.0-beta4/slf4j-simple-1.8.0-beta4.jar:/home/alfredm/.m2/repository/org/slf4j/slf4j-api/1.8.0-beta4/slf4j-api-1.8.0-beta4.jar:/home/alfredm/.m2/repository/com/fasterxml/jackson/core/jackson-databind/2.13.0/jackson-databind-2.13.0.jar:/home/alfredm/.m2/repository/com/fasterxml/jackson/core/jackson-annotations/2.13.0/jackson-annotations-2.13.0.jar:/home/alfredm/.m2/repository/com/fasterxml/jackson/core/jackson-core/2.13.0/jackson-core-2.13.0.jar:/home/alfredm/.m2/repository/log4j/log4j/1.2.17/log4j-1.2.17.jar:/home/alfredm/.m2/repository/org/junit/jupiter/junit-jupiter/5.8.1/junit-jupiter-5.8.1.jar:/home/alfredm/.m2/repository/org/junit/jupiter/junit-jupiter-api/5.8.1/junit-jupiter-api-5.8.1.jar:/home/alfredm/.m2/repository/org/opentest4j/opentest4j/1.2.0/opentest4j-1.2.0.jar:/home/alfredm/.m2/repository/org/junit/platform/junit-platform-commons/1.8.1/junit-platform-commons-1.8.1.jar:/home/alfredm/.m2/repository/org/apiguardian/apiguardian-api/1.1.2/apiguardian-api-1.1.2.jar:/home/alfredm/.m2/repository/org/junit/jupiter/junit-jupiter-params/5.8.1/junit-jupiter-params-5.8.1.jar:/home/alfredm/.m2/repository/org/junit/jupiter/junit-jupiter-engine/5.8.1/junit-jupiter-engine-5.8.1.jar:/home/alfredm/.m2/repository/org/junit/platform/junit-platform-engine/1.8.1/junit-platform-engine-1.8.1.jar:/home/alfredm/.m2/repository/org/mockito/mockito-core/4.1.0/mockito-core-4.1.0.jar:/home/alfredm/.m2/repository/net/bytebuddy/byte-buddy/1.12.1/byte-buddy-1.12.1.jar:/home/alfredm/.m2/repository/net/bytebuddy/byte-buddy-agent/1.12.1/byte-buddy-agent-1.12.1.jar:/home/alfredm/.m2/repository/org/objenesis/objenesis/3.2/objenesis-3.2.jar:/home/alfredm/.m2/repository/com/h2database/h2/1.4.200/h2-1.4.200.jar:"/>
    <property name="sun.cpu.endian" value="little"/>
    <property name="user.home" value="/home/alfredm"/>
    <property name="user.language" value="en"/>
    <property name="java.specification.vendor" value="Oracle Corporation"/>
    <property name="java.home" value="/usr/lib/jvm/java-8-openjdk-amd64/jre"/>
    <property name="basedir" value="/home/alfredm/Dev/revature/HelloJDBC"/>
    <property name="file.separator" value="/"/>
    <property name="line.separator" value="&#10;"/>
    <property name="java.vm.specification.vendor" value="Oracle Corporation"/>
    <property name="java.specification.name" value="Java Platform API Specification"/>
    <property name="java.awt.graphicsenv" value="sun.awt.X11GraphicsEnvironment"/>
    <property name="surefire.real.class.path" value="/home/alfredm/Dev/revature/HelloJDBC/target/surefire/surefirebooter8444624318576150366.jar"/>
    <property name="sun.boot.class.path" value="/usr/lib/jvm/java-8-openjdk-amd64/jre/lib/resources.jar:/usr/lib/jvm/java-8-openjdk-amd64/jre/lib/rt.jar:/usr/lib/jvm/java-8-openjdk-amd64/jre/lib/sunrsasign.jar:/usr/lib/jvm/java-8-openjdk-amd64/jre/lib/jsse.jar:/usr/lib/jvm/java-8-openjdk-amd64/jre/lib/jce.jar:/usr/lib/jvm/java-8-openjdk-amd64/jre/lib/charsets.jar:/usr/lib/jvm/java-8-openjdk-amd64/jre/lib/jfr.jar:/usr/lib/jvm/java-8-openjdk-amd64/jre/classes"/>
    <property name="sun.management.compiler" value="HotSpot 64-Bit Tiered Compilers"/>
    <property name="java.runtime.version" value="1.8.0_292-8u292-b10-0ubuntu1-b10"/>
    <property name="user.name" value="alfredm"/>
    <property name="path.separator" value=":"/>
    <property name="os.version" value="5.11.0-41-generic"/>
    <property name="java.endorsed.dirs" value="/usr/lib/jvm/java-8-openjdk-amd64/jre/lib/endorsed"/>
    <property name="java.runtime.name" value="OpenJDK Runtime Environment"/>
    <property name="file.encoding" value="UTF-8"/>
    <property name="java.vm.name" value="OpenJDK 64-Bit Server VM"/>
    <property name="localRepository" value="/home/alfredm/.m2/repository"/>
    <property name="java.vendor.url.bug" value="http://bugreport.sun.com/bugreport/"/>
    <property name="java.io.tmpdir" value="/tmp"/>
    <property name="java.version" value="1.8.0_292"/>
    <property name="user.dir" value="/home/alfredm/Dev/revature/HelloJDBC"/>
    <property name="os.arch" value="amd64"/>
    <property name="java.vm.specification.name" value="Java Virtual Machine Specification"/>
    <property name="java.awt.printerjob" value="sun.print.PSPrinterJob"/>
    <property name="sun.os.patch.level" value="unknown"/>
    <property name="java.library.path" value="/usr/java/packages/lib/amd64:/usr/lib/x86_64-linux-gnu/jni:/lib/x86_64-linux-gnu:/usr/lib/x86_64-linux-gnu:/usr/lib/jni:/lib:/usr/lib"/>
    <property name="java.vm.info" value="mixed mode"/>
    <property name="java.vendor" value="Private Build"/>
    <property name="java.vm.version" value="25.292-b10"/>
    <property name="java.ext.dirs" value="/usr/lib/jvm/java-8-openjdk-amd64/jre/lib/ext:/usr/java/packages/lib/ext"/>
    <property name="sun.io.unicode.encoding" value="UnicodeLittle"/>
    <property name="java.class.version" value="52.0"/>
  </properties>
  <testcase name="updateToDoIT" classname="dao.ToDoDaoImplTest" time="0.588"/>
  <testcase name="deleteToDoIT" classname="dao.ToDoDaoImplTest" time="0.369"/>
  <testcase name="getAllToDosIT" classname="dao.ToDoDaoImplTest" time="0.109"/>
  <testcase name="createToDoIT" classname="dao.ToDoDaoImplTest" time="0.096"/>
  <testcase name="getOneToDoIT" classname="dao.ToDoDaoImplTest" time="0.113"/>
</testsuite>